<?xml version="1.0" encoding="UTF-8"?>
<!-- Generated by org.testng.reporters.JUnitXMLReporter -->
<testsuite ignored="0" hostname="DESKTOP-E7HVEAG" failures="3" tests="3" name="Test" time="32.382" errors="0" timestamp="09 Jun 2019 19:25:09 GMT">
  <testcase classname="TestCases.LoginPageTest" name="verifyPageTitle" time="0.023">
    <failure type="java.lang.NullPointerException">
      <![CDATA[java.lang.NullPointerException
at TestCases.LoginPageTest.verifyPageTitle(LoginPageTest.java:42)
... Removed 25 stack frames]]>
    </failure>
  </testcase> <!-- verifyPageTitle -->
  <testcase classname="TestCases.LoginPageTest" name="verifyCRMLogoIsPresent" time="0.002">
    <failure type="java.lang.NullPointerException">
      <![CDATA[java.lang.NullPointerException
at TestCases.LoginPageTest.verifyCRMLogoIsPresent(LoginPageTest.java:51)
... Removed 25 stack frames]]>
    </failure>
  </testcase> <!-- verifyCRMLogoIsPresent -->
  <testcase classname="TestCases.LoginPageTest" name="loginCRM" time="0.002">
    <failure type="java.lang.NullPointerException">
      <![CDATA[java.lang.NullPointerException
at TestCases.LoginPageTest.loginCRM(LoginPageTest.java:60)
... Removed 25 stack frames]]>
    </failure>
  </testcase> <!-- loginCRM -->
</testsuite> <!-- Test -->
