<?xml version="1.0" encoding="UTF-8"?>
<testng-results ignored="0" total="1" passed="1" failed="0" skipped="0">
  <reporter-output>
  </reporter-output>
  <suite started-at="2019-06-09T20:39:48Z" name="Default suite" finished-at="2019-06-09T20:39:49Z" duration-ms="824">
    <groups>
    </groups>
    <test started-at="2019-06-09T20:39:48Z" name="Default test" finished-at="2019-06-09T20:39:49Z" duration-ms="824">
      <class name="TestCases.SignupPageTest">
        <test-method is-config="true" signature="set()[pri:0, instance:TestCases.SignupPageTest@6fd83fc1]" started-at="2019-06-09T20:39:48Z" name="set" finished-at="2019-06-09T20:39:48Z" duration-ms="178" status="PASS">
          <reporter-output>
          </reporter-output>
        </test-method> <!-- set -->
        <test-method signature="exTest()[pri:0, instance:TestCases.SignupPageTest@6fd83fc1]" started-at="2019-06-09T20:39:48Z" name="exTest" finished-at="2019-06-09T20:39:49Z" duration-ms="614" status="PASS">
          <reporter-output>
          </reporter-output>
        </test-method> <!-- exTest -->
      </class> <!-- TestCases.SignupPageTest -->
    </test> <!-- Default test -->
  </suite> <!-- Default suite -->
</testng-results>
