<?xml version="1.0" encoding="UTF-8"?>
<testng-results ignored="0" total="1" passed="1" failed="0" skipped="0">
  <reporter-output>
  </reporter-output>
  <suite started-at="2019-06-16T18:32:39Z" name="Default suite" finished-at="2019-06-16T18:32:40Z" duration-ms="885">
    <groups>
    </groups>
    <test started-at="2019-06-16T18:32:39Z" name="Default test" finished-at="2019-06-16T18:32:40Z" duration-ms="885">
      <class name="TestCases.Excel">
        <test-method signature="readXLxs()[pri:0, instance:TestCases.Excel@3af9c5b7]" started-at="2019-06-16T18:32:39Z" name="readXLxs" finished-at="2019-06-16T18:32:40Z" duration-ms="853" status="PASS">
          <reporter-output>
          </reporter-output>
        </test-method> <!-- readXLxs -->
      </class> <!-- TestCases.Excel -->
    </test> <!-- Default test -->
  </suite> <!-- Default suite -->
</testng-results>
