<?xml version="1.0" encoding="UTF-8"?>
<!-- Generated by org.testng.reporters.JUnitXMLReporter -->
<testsuite ignored="0" hostname="DESKTOP-E7HVEAG" failures="0" tests="3" name="Default test" time="51.417" errors="0" timestamp="17 May 2019 11:19:40 GMT">
  <testcase classname="TestCases.LoginPageTest" name="verifyPageTitle" time="0.023"/>
  <testcase classname="TestCases.LoginPageTest" name="verifyCRMLogoIsPresent" time="0.797"/>
  <testcase classname="TestCases.LoginPageTest" name="loginCRM" time="6.898"/>
</testsuite> <!-- Default test -->
