<?xml version="1.0" encoding="UTF-8"?>
<!-- Generated by org.testng.reporters.JUnitXMLReporter -->
<testsuite ignored="0" hostname="DESKTOP-E7HVEAG" failures="0" tests="3" name="Default test" time="52.414" errors="0" timestamp="20 May 2019 11:57:54 GMT">
  <testcase classname="TestCases.HomePageTest" name="verifyPageTitle" time="0.02"/>
  <testcase classname="TestCases.HomePageTest" name="verifyUserName" time="0.052"/>
  <testcase classname="TestCases.HomePageTest" name="verifyCRMLogoIsPresent" time="0.045"/>
</testsuite> <!-- Default test -->
